<?xml version="1.0" encoding="UTF-8"?>
<!-- Generated by org.testng.reporters.JUnitReportReporter -->
<testsuite hostname="Liza" name="com.HelloWorld.t.GenerateExtentReport" tests="2" failures="0" timestamp="3 Feb 2018 03:22:10 GMT" time="0.015" errors="0">
  <testcase name="demoReportFail" time="0.010" classname="com.HelloWorld.t.GenerateExtentReport"/>
  <testcase name="demoReportPass" time="0.005" classname="com.HelloWorld.t.GenerateExtentReport"/>
</testsuite> <!-- com.HelloWorld.t.GenerateExtentReport -->
