<?xml version="1.0" encoding="UTF-8"?>
<!-- Generated by org.testng.reporters.JUnitReportReporter -->
<testsuite hostname="Liza" name="com.HelloWorld.t.App" tests="1" failures="0" timestamp="28 Jan 2018 15:10:39 GMT" time="0.001" errors="0">
  <testcase name="test" time="0.001" classname="com.HelloWorld.t.App"/>
</testsuite> <!-- com.HelloWorld.t.App -->
