<?xml version="1.0" encoding="UTF-8"?>
<!-- Generated by org.testng.reporters.JUnitReportReporter -->
<testsuite hostname="Liza" name="com.HelloWorld.t.GenerateExtentReport" tests="2" failures="0" timestamp="30 Jan 2018 01:12:35 GMT" time="0.025" errors="0">
  <testcase name="demoReportFail" time="0.021" classname="com.HelloWorld.t.GenerateExtentReport"/>
  <testcase name="demoReportPass" time="0.004" classname="com.HelloWorld.t.GenerateExtentReport"/>
</testsuite> <!-- com.HelloWorld.t.GenerateExtentReport -->
